0 info it worked if it ends with ok
1 verbose cli [ '/Users/aaron/.nvm/versions/node/v4.4.2/bin/node',
1 verbose cli   '/Users/aaron/.nvm/versions/node/v4.4.2/bin/npm',
1 verbose cli   'version',
1 verbose cli   'patch' ]
2 info using npm@2.15.0
3 info using node@v4.4.2
4 info git [ 'status', '--porcelain' ]
5 verbose stack Error: Git working directory not clean.
5 verbose stack M  README.md
5 verbose stack     at /Users/aaron/.nvm/versions/node/v4.4.2/lib/node_modules/npm/lib/version.js:171:21
5 verbose stack     at ChildProcess.exithandler (child_process.js:204:7)
5 verbose stack     at emitTwo (events.js:87:13)
5 verbose stack     at ChildProcess.emit (events.js:172:7)
5 verbose stack     at maybeClose (internal/child_process.js:827:16)
5 verbose stack     at Socket.<anonymous> (internal/child_process.js:319:11)
5 verbose stack     at emitOne (events.js:77:13)
5 verbose stack     at Socket.emit (events.js:169:7)
5 verbose stack     at Pipe._onclose (net.js:477:12)
6 verbose cwd /Users/aaron/adrice727/hanuman
7 error Darwin 15.3.0
8 error argv "/Users/aaron/.nvm/versions/node/v4.4.2/bin/node" "/Users/aaron/.nvm/versions/node/v4.4.2/bin/npm" "version" "patch"
9 error node v4.4.2
10 error npm  v2.15.0
11 error Git working directory not clean.
11 error M  README.md
12 error If you need help, you may report this error at:
12 error     <https://github.com/npm/npm/issues>
13 verbose exit [ 1, true ]
